2024-05-05 14:40:48,847 - optuna.study.study - INFO - Trial 66 finished with value: 0.00031139556085690856 and parameters: {'batch_size': 128, 'num_layers': 2, 'hidden_dim': 32, 'meta_hidden_dim1': 64, 'meta_hidden_dim2': 64, 'lr': 0.0004740140481878622, 'tw': 40}. Best is trial 18 with value: 0.0002378794306423515.
2024-05-05 14:40:49,184 - optuna.study.study - INFO - Trial 67 finished with value: 0.0003225673863198608 and parameters: {'batch_size': 64, 'num_layers': 3, 'hidden_dim': 64, 'meta_hidden_dim1': 256, 'meta_hidden_dim2': 64, 'lr': 0.0007904927248551133, 'tw': 30}. Best is trial 18 with value: 0.0002378794306423515.
2024-05-05 14:40:49,803 - optuna.study.study - INFO - Trial 68 finished with value: 0.000382978527341038 and parameters: {'batch_size': 128, 'num_layers': 2, 'hidden_dim': 256, 'meta_hidden_dim1': 64, 'meta_hidden_dim2': 64, 'lr': 0.0004163778317527843, 'tw': 40}. Best is trial 18 with value: 0.0002378794306423515.
2024-05-05 14:40:50,150 - optuna.study.study - INFO - Trial 69 finished with value: 0.0003784772416111082 and parameters: {'batch_size': 16, 'num_layers': 3, 'hidden_dim': 64, 'meta_hidden_dim1': 64, 'meta_hidden_dim2': 64, 'lr': 0.0011311689413693495, 'tw': 40}. Best is trial 18 with value: 0.0002378794306423515.
2024-05-05 14:40:50,465 - optuna.study.study - INFO - Trial 70 finished with value: 0.00029201284633018076 and parameters: {'batch_size': 128, 'num_layers': 2, 'hidden_dim': 128, 'meta_hidden_dim1': 128, 'meta_hidden_dim2': 128, 'lr': 0.0015647943877392188, 'tw': 20}. Best is trial 18 with value: 0.0002378794306423515.
2024-05-05 14:40:50,853 - optuna.study.study - INFO - Trial 71 finished with value: 0.00034497256274335086 and parameters: {'batch_size': 16, 'num_layers': 4, 'hidden_dim': 64, 'meta_hidden_dim1': 64, 'meta_hidden_dim2': 64, 'lr': 0.00031526082215482506, 'tw': 40}. Best is trial 18 with value: 0.0002378794306423515.
2024-05-05 14:40:51,188 - optuna.study.study - INFO - Trial 72 finished with value: 0.0003059575392398983 and parameters: {'batch_size': 16, 'num_layers': 3, 'hidden_dim': 64, 'meta_hidden_dim1': 64, 'meta_hidden_dim2': 64, 'lr': 0.0005318373692166495, 'tw': 40}. Best is trial 18 with value: 0.0002378794306423515.
2024-05-05 14:40:51,581 - optuna.study.study - INFO - Trial 73 finished with value: 0.0002577539416961372 and parameters: {'batch_size': 16, 'num_layers': 4, 'hidden_dim': 64, 'meta_hidden_dim1': 64, 'meta_hidden_dim2': 64, 'lr': 0.0004053049963982645, 'tw': 40}. Best is trial 18 with value: 0.0002378794306423515.
2024-05-05 14:40:51,962 - optuna.study.study - INFO - Trial 74 finished with value: 0.0008215258712880313 and parameters: {'batch_size': 16, 'num_layers': 4, 'hidden_dim': 64, 'meta_hidden_dim1': 64, 'meta_hidden_dim2': 64, 'lr': 0.0003636598598619261, 'tw': 40}. Best is trial 18 with value: 0.0002378794306423515.
2024-05-05 14:40:52,337 - optuna.study.study - INFO - Trial 75 finished with value: 0.00032039955840446055 and parameters: {'batch_size': 16, 'num_layers': 4, 'hidden_dim': 64, 'meta_hidden_dim1': 64, 'meta_hidden_dim2': 64, 'lr': 0.000572902811667227, 'tw': 40}. Best is trial 18 with value: 0.0002378794306423515.
2024-05-05 14:40:52,664 - optuna.study.study - INFO - Trial 76 finished with value: 0.0002868327428586781 and parameters: {'batch_size': 16, 'num_layers': 2, 'hidden_dim': 64, 'meta_hidden_dim1': 256, 'meta_hidden_dim2': 256, 'lr': 0.0004458992241584425, 'tw': 40}. Best is trial 18 with value: 0.0002378794306423515.
2024-05-05 14:40:52,990 - optuna.study.study - INFO - Trial 77 finished with value: 0.0003991158737335354 and parameters: {'batch_size': 16, 'num_layers': 2, 'hidden_dim': 32, 'meta_hidden_dim1': 64, 'meta_hidden_dim2': 64, 'lr': 0.0008343716973744175, 'tw': 40}. Best is trial 18 with value: 0.0002378794306423515.
2024-05-05 14:40:53,652 - optuna.study.study - INFO - Trial 78 finished with value: 0.0002961106947623193 and parameters: {'batch_size': 128, 'num_layers': 2, 'hidden_dim': 256, 'meta_hidden_dim1': 256, 'meta_hidden_dim2': 64, 'lr': 0.0009805660103655838, 'tw': 40}. Best is trial 18 with value: 0.0002378794306423515.
2024-05-05 14:40:53,991 - root - INFO - New best model saved with score: 0.00023235523258335888
2024-05-05 14:40:53,991 - optuna.study.study - INFO - Trial 79 finished with value: 0.00023235523258335888 and parameters: {'batch_size': 64, 'num_layers': 3, 'hidden_dim': 64, 'meta_hidden_dim1': 32, 'meta_hidden_dim2': 32, 'lr': 0.0006956449636804187, 'tw': 30}. Best is trial 79 with value: 0.00023235523258335888.
2024-05-05 14:40:54,701 - optuna.study.study - INFO - Trial 80 finished with value: 0.00025370324146933854 and parameters: {'batch_size': 64, 'num_layers': 3, 'hidden_dim': 256, 'meta_hidden_dim1': 32, 'meta_hidden_dim2': 32, 'lr': 0.0007072497117193523, 'tw': 30}. Best is trial 79 with value: 0.00023235523258335888.
2024-05-05 14:40:55,427 - optuna.study.study - INFO - Trial 81 finished with value: 0.00025301167625002563 and parameters: {'batch_size': 64, 'num_layers': 3, 'hidden_dim': 256, 'meta_hidden_dim1': 32, 'meta_hidden_dim2': 32, 'lr': 0.0007436721062943748, 'tw': 30}. Best is trial 79 with value: 0.00023235523258335888.
2024-05-05 14:40:56,153 - optuna.study.study - INFO - Trial 82 finished with value: 0.0005146828480064869 and parameters: {'batch_size': 64, 'num_layers': 3, 'hidden_dim': 256, 'meta_hidden_dim1': 32, 'meta_hidden_dim2': 32, 'lr': 0.0007182988187908112, 'tw': 30}. Best is trial 79 with value: 0.00023235523258335888.
2024-05-05 14:40:56,848 - optuna.study.study - INFO - Trial 83 finished with value: 0.0003762918640859425 and parameters: {'batch_size': 64, 'num_layers': 3, 'hidden_dim': 256, 'meta_hidden_dim1': 32, 'meta_hidden_dim2': 32, 'lr': 0.0005991606999704807, 'tw': 30}. Best is trial 79 with value: 0.00023235523258335888.
2024-05-05 14:40:57,570 - optuna.study.study - INFO - Trial 84 finished with value: 0.00037384559982456267 and parameters: {'batch_size': 64, 'num_layers': 3, 'hidden_dim': 256, 'meta_hidden_dim1': 32, 'meta_hidden_dim2': 32, 'lr': 0.0007261081872899782, 'tw': 30}. Best is trial 79 with value: 0.00023235523258335888.
2024-05-05 14:40:57,902 - optuna.study.study - INFO - Trial 85 finished with value: 0.000399313576053828 and parameters: {'batch_size': 64, 'num_layers': 3, 'hidden_dim': 64, 'meta_hidden_dim1': 32, 'meta_hidden_dim2': 32, 'lr': 0.0006410872642695649, 'tw': 30}. Best is trial 79 with value: 0.00023235523258335888.
2024-05-05 14:40:58,610 - optuna.study.study - INFO - Trial 86 finished with value: 0.000526092597283423 and parameters: {'batch_size': 64, 'num_layers': 3, 'hidden_dim': 256, 'meta_hidden_dim1': 32, 'meta_hidden_dim2': 32, 'lr': 0.0005413405747391734, 'tw': 30}. Best is trial 79 with value: 0.00023235523258335888.
2024-05-05 14:40:58,957 - optuna.study.study - INFO - Trial 87 finished with value: 0.0005888199666514993 and parameters: {'batch_size': 64, 'num_layers': 3, 'hidden_dim': 128, 'meta_hidden_dim1': 32, 'meta_hidden_dim2': 32, 'lr': 0.0008459088869876412, 'tw': 30}. Best is trial 79 with value: 0.00023235523258335888.
2024-05-05 14:40:59,671 - optuna.study.study - INFO - Trial 88 finished with value: 0.00038030429277569056 and parameters: {'batch_size': 64, 'num_layers': 3, 'hidden_dim': 256, 'meta_hidden_dim1': 32, 'meta_hidden_dim2': 32, 'lr': 0.0012618854335179682, 'tw': 30}. Best is trial 79 with value: 0.00023235523258335888.
2024-05-05 14:41:00,006 - optuna.study.study - INFO - Trial 89 finished with value: 0.00037421222077682614 and parameters: {'batch_size': 64, 'num_layers': 3, 'hidden_dim': 64, 'meta_hidden_dim1': 32, 'meta_hidden_dim2': 32, 'lr': 0.0010442008198271813, 'tw': 30}. Best is trial 79 with value: 0.00023235523258335888.
2024-05-05 14:41:00,921 - optuna.study.study - INFO - Trial 90 finished with value: 0.0012843053555116057 and parameters: {'batch_size': 64, 'num_layers': 4, 'hidden_dim': 256, 'meta_hidden_dim1': 32, 'meta_hidden_dim2': 32, 'lr': 0.0003702619122745373, 'tw': 30}. Best is trial 79 with value: 0.00023235523258335888.
2024-05-05 14:41:01,648 - optuna.study.study - INFO - Trial 91 finished with value: 0.0003119856701232493 and parameters: {'batch_size': 64, 'num_layers': 3, 'hidden_dim': 256, 'meta_hidden_dim1': 32, 'meta_hidden_dim2': 32, 'lr': 0.0009522781118475422, 'tw': 30}. Best is trial 79 with value: 0.00023235523258335888.
2024-05-05 14:41:02,357 - optuna.study.study - INFO - Trial 92 finished with value: 0.0005783488741144538 and parameters: {'batch_size': 64, 'num_layers': 3, 'hidden_dim': 256, 'meta_hidden_dim1': 32, 'meta_hidden_dim2': 32, 'lr': 0.0008851656710054223, 'tw': 30}. Best is trial 79 with value: 0.00023235523258335888.
2024-05-05 14:41:03,066 - optuna.study.study - INFO - Trial 93 finished with value: 0.0003029566432815045 and parameters: {'batch_size': 32, 'num_layers': 3, 'hidden_dim': 256, 'meta_hidden_dim1': 128, 'meta_hidden_dim2': 128, 'lr': 0.0006671905603480632, 'tw': 30}. Best is trial 79 with value: 0.00023235523258335888.
2024-05-05 14:41:03,771 - optuna.study.study - INFO - Trial 94 finished with value: 0.00024065046454779804 and parameters: {'batch_size': 128, 'num_layers': 4, 'hidden_dim': 256, 'meta_hidden_dim1': 256, 'meta_hidden_dim2': 32, 'lr': 0.0007351145746887157, 'tw': 20}. Best is trial 79 with value: 0.00023235523258335888.
2024-05-05 14:41:04,665 - optuna.study.study - INFO - Trial 95 finished with value: 0.0004271592479199171 and parameters: {'batch_size': 64, 'num_layers': 4, 'hidden_dim': 256, 'meta_hidden_dim1': 32, 'meta_hidden_dim2': 32, 'lr': 0.0007725927795568761, 'tw': 30}. Best is trial 79 with value: 0.00023235523258335888.
2024-05-05 14:41:05,373 - optuna.study.study - INFO - Trial 96 finished with value: 0.000334658136125654 and parameters: {'batch_size': 128, 'num_layers': 4, 'hidden_dim': 256, 'meta_hidden_dim1': 256, 'meta_hidden_dim2': 32, 'lr': 0.00046599293987778636, 'tw': 20}. Best is trial 79 with value: 0.00023235523258335888.
2024-05-05 14:41:05,737 - optuna.study.study - INFO - Trial 97 finished with value: 0.00031690404284745455 and parameters: {'batch_size': 128, 'num_layers': 4, 'hidden_dim': 128, 'meta_hidden_dim1': 256, 'meta_hidden_dim2': 32, 'lr': 0.000569320021483563, 'tw': 20}. Best is trial 79 with value: 0.00023235523258335888.
2024-05-05 14:41:06,132 - optuna.study.study - INFO - Trial 98 finished with value: 0.00037799286656081676 and parameters: {'batch_size': 128, 'num_layers': 4, 'hidden_dim': 32, 'meta_hidden_dim1': 256, 'meta_hidden_dim2': 32, 'lr': 0.0011607577005349095, 'tw': 30}. Best is trial 79 with value: 0.00023235523258335888.
2024-05-05 14:41:06,495 - optuna.study.study - INFO - Trial 99 finished with value: 0.0003176609461661428 and parameters: {'batch_size': 64, 'num_layers': 4, 'hidden_dim': 64, 'meta_hidden_dim1': 32, 'meta_hidden_dim2': 32, 'lr': 0.0021022622310116037, 'tw': 20}. Best is trial 79 with value: 0.00023235523258335888.
2024-05-05 14:41:07,214 - optuna.study.study - INFO - Trial 100 finished with value: 0.0003134013095404953 and parameters: {'batch_size': 128, 'num_layers': 3, 'hidden_dim': 256, 'meta_hidden_dim1': 256, 'meta_hidden_dim2': 256, 'lr': 0.0006529125032062721, 'tw': 30}. Best is trial 79 with value: 0.00023235523258335888.
2024-05-05 14:41:07,931 - optuna.study.study - INFO - Trial 101 finished with value: 0.000314523495035246 and parameters: {'batch_size': 128, 'num_layers': 4, 'hidden_dim': 256, 'meta_hidden_dim1': 256, 'meta_hidden_dim2': 64, 'lr': 0.0007599598158241786, 'tw': 20}. Best is trial 79 with value: 0.00023235523258335888.
2024-05-05 14:41:08,417 - optuna.study.study - INFO - Trial 102 finished with value: 0.0003637807094492018 and parameters: {'batch_size': 128, 'num_layers': 2, 'hidden_dim': 256, 'meta_hidden_dim1': 256, 'meta_hidden_dim2': 32, 'lr': 0.000507596722263562, 'tw': 20}. Best is trial 79 with value: 0.00023235523258335888.
2024-05-05 14:41:08,914 - optuna.study.study - INFO - Trial 103 finished with value: 0.00033997013815678656 and parameters: {'batch_size': 128, 'num_layers': 2, 'hidden_dim': 256, 'meta_hidden_dim1': 256, 'meta_hidden_dim2': 64, 'lr': 0.0008916366133720956, 'tw': 20}. Best is trial 79 with value: 0.00023235523258335888.
2024-05-05 14:41:09,394 - optuna.study.study - INFO - Trial 104 finished with value: 0.0002733786532189697 and parameters: {'batch_size': 128, 'num_layers': 2, 'hidden_dim': 256, 'meta_hidden_dim1': 256, 'meta_hidden_dim2': 64, 'lr': 0.0010413617329220388, 'tw': 20}. Best is trial 79 with value: 0.00023235523258335888.
2024-05-05 14:41:09,985 - optuna.study.study - INFO - Trial 105 finished with value: 0.00033227907260879874 and parameters: {'batch_size': 128, 'num_layers': 3, 'hidden_dim': 256, 'meta_hidden_dim1': 256, 'meta_hidden_dim2': 64, 'lr': 0.000832707877480069, 'tw': 20}. Best is trial 79 with value: 0.00023235523258335888.
2024-05-05 14:41:10,291 - optuna.study.study - INFO - Trial 106 finished with value: 0.00028083514189347625 and parameters: {'batch_size': 128, 'num_layers': 2, 'hidden_dim': 64, 'meta_hidden_dim1': 256, 'meta_hidden_dim2': 32, 'lr': 0.0005966312796084781, 'tw': 20}. Best is trial 79 with value: 0.00023235523258335888.
2024-05-05 14:41:11,322 - optuna.study.study - INFO - Trial 107 finished with value: 0.0002858578518498689 and parameters: {'batch_size': 32, 'num_layers': 4, 'hidden_dim': 256, 'meta_hidden_dim1': 128, 'meta_hidden_dim2': 128, 'lr': 0.0007070595945806955, 'tw': 40}. Best is trial 79 with value: 0.00023235523258335888.
2024-05-05 14:41:11,637 - optuna.study.study - INFO - Trial 108 finished with value: 0.00034581535146571696 and parameters: {'batch_size': 128, 'num_layers': 2, 'hidden_dim': 128, 'meta_hidden_dim1': 256, 'meta_hidden_dim2': 64, 'lr': 0.0009527010957973214, 'tw': 40}. Best is trial 79 with value: 0.00023235523258335888.
2024-05-05 14:41:12,254 - optuna.study.study - INFO - Trial 109 finished with value: 0.0002365069231018424 and parameters: {'batch_size': 64, 'num_layers': 3, 'hidden_dim': 256, 'meta_hidden_dim1': 32, 'meta_hidden_dim2': 64, 'lr': 0.0013815067732937225, 'tw': 20}. Best is trial 79 with value: 0.00023235523258335888.
2024-05-05 14:41:12,579 - optuna.study.study - INFO - Trial 110 finished with value: 0.0003360506671015173 and parameters: {'batch_size': 64, 'num_layers': 3, 'hidden_dim': 64, 'meta_hidden_dim1': 32, 'meta_hidden_dim2': 64, 'lr': 0.0014460882526612213, 'tw': 20}. Best is trial 79 with value: 0.00023235523258335888.
2024-05-05 14:41:13,179 - optuna.study.study - INFO - Trial 111 finished with value: 0.00033095566323027015 and parameters: {'batch_size': 64, 'num_layers': 3, 'hidden_dim': 256, 'meta_hidden_dim1': 32, 'meta_hidden_dim2': 64, 'lr': 0.001313027587204155, 'tw': 20}. Best is trial 79 with value: 0.00023235523258335888.
2024-05-05 14:41:13,785 - optuna.study.study - INFO - Trial 112 finished with value: 0.0002950745401903987 and parameters: {'batch_size': 64, 'num_layers': 3, 'hidden_dim': 256, 'meta_hidden_dim1': 32, 'meta_hidden_dim2': 64, 'lr': 0.0012200077024372427, 'tw': 20}. Best is trial 79 with value: 0.00023235523258335888.
2024-05-05 14:41:14,380 - optuna.study.study - INFO - Trial 113 finished with value: 0.00034093379508703947 and parameters: {'batch_size': 64, 'num_layers': 3, 'hidden_dim': 256, 'meta_hidden_dim1': 32, 'meta_hidden_dim2': 64, 'lr': 0.0016168306904719017, 'tw': 20}. Best is trial 79 with value: 0.00023235523258335888.
2024-05-05 14:41:14,973 - optuna.study.study - INFO - Trial 114 finished with value: 0.0003141240740660578 and parameters: {'batch_size': 64, 'num_layers': 3, 'hidden_dim': 256, 'meta_hidden_dim1': 32, 'meta_hidden_dim2': 64, 'lr': 0.001803914504892407, 'tw': 20}. Best is trial 79 with value: 0.00023235523258335888.
2024-05-05 14:41:15,620 - optuna.study.study - INFO - Trial 115 finished with value: 0.0003120334877166897 and parameters: {'batch_size': 128, 'num_layers': 2, 'hidden_dim': 256, 'meta_hidden_dim1': 256, 'meta_hidden_dim2': 64, 'lr': 0.001150023115385212, 'tw': 40}. Best is trial 79 with value: 0.00023235523258335888.
2024-05-05 14:41:16,223 - optuna.study.study - INFO - Trial 116 finished with value: 0.00029375747544690967 and parameters: {'batch_size': 16, 'num_layers': 3, 'hidden_dim': 256, 'meta_hidden_dim1': 64, 'meta_hidden_dim2': 64, 'lr': 0.0008328253609735121, 'tw': 20}. Best is trial 79 with value: 0.00023235523258335888.
2024-05-05 14:41:16,543 - optuna.study.study - INFO - Trial 117 finished with value: 0.00030056049581617117 and parameters: {'batch_size': 128, 'num_layers': 2, 'hidden_dim': 64, 'meta_hidden_dim1': 256, 'meta_hidden_dim2': 256, 'lr': 0.0006510065038741701, 'tw': 40}. Best is trial 79 with value: 0.00023235523258335888.
2024-05-05 14:41:17,095 - optuna.study.study - INFO - Trial 118 finished with value: 0.0015528404619544744 and parameters: {'batch_size': 64, 'num_layers': 2, 'hidden_dim': 256, 'meta_hidden_dim1': 32, 'meta_hidden_dim2': 32, 'lr': 0.00045279539616833824, 'tw': 30}. Best is trial 79 with value: 0.00023235523258335888.
2024-05-05 14:41:17,435 - optuna.study.study - INFO - Trial 119 finished with value: 0.00048176743439398706 and parameters: {'batch_size': 16, 'num_layers': 3, 'hidden_dim': 32, 'meta_hidden_dim1': 64, 'meta_hidden_dim2': 64, 'lr': 0.00030070013345775206, 'tw': 20}. Best is trial 79 with value: 0.00023235523258335888.
2024-05-05 14:41:17,762 - optuna.study.study - INFO - Trial 120 finished with value: 0.0002605656045489013 and parameters: {'batch_size': 128, 'num_layers': 2, 'hidden_dim': 128, 'meta_hidden_dim1': 256, 'meta_hidden_dim2': 64, 'lr': 0.0010020065614318751, 'tw': 40}. Best is trial 79 with value: 0.00023235523258335888.
2024-05-05 14:41:18,078 - optuna.study.study - INFO - Trial 121 finished with value: 0.0002400761004537344 and parameters: {'batch_size': 128, 'num_layers': 2, 'hidden_dim': 128, 'meta_hidden_dim1': 256, 'meta_hidden_dim2': 64, 'lr': 0.0010722992173079055, 'tw': 40}. Best is trial 79 with value: 0.00023235523258335888.
2024-05-05 14:41:18,403 - optuna.study.study - INFO - Trial 122 finished with value: 0.00032850034767761827 and parameters: {'batch_size': 128, 'num_layers': 2, 'hidden_dim': 128, 'meta_hidden_dim1': 256, 'meta_hidden_dim2': 64, 'lr': 0.0010597136543958293, 'tw': 40}. Best is trial 79 with value: 0.00023235523258335888.
2024-05-05 14:41:18,746 - optuna.study.study - INFO - Trial 123 finished with value: 0.00039889587787911296 and parameters: {'batch_size': 128, 'num_layers': 2, 'hidden_dim': 128, 'meta_hidden_dim1': 256, 'meta_hidden_dim2': 64, 'lr': 0.0007326630929974254, 'tw': 40}. Best is trial 79 with value: 0.00023235523258335888.
2024-05-05 14:41:19,103 - optuna.study.study - INFO - Trial 124 finished with value: 0.00030173544655553997 and parameters: {'batch_size': 128, 'num_layers': 2, 'hidden_dim': 128, 'meta_hidden_dim1': 256, 'meta_hidden_dim2': 64, 'lr': 0.0013680618873435626, 'tw': 40}. Best is trial 79 with value: 0.00023235523258335888.
2024-05-05 14:41:19,460 - optuna.study.study - INFO - Trial 125 finished with value: 0.00027108530048280954 and parameters: {'batch_size': 128, 'num_layers': 2, 'hidden_dim': 128, 'meta_hidden_dim1': 256, 'meta_hidden_dim2': 64, 'lr': 0.0009509618730658148, 'tw': 40}. Best is trial 79 with value: 0.00023235523258335888.
2024-05-05 14:41:19,812 - optuna.study.study - INFO - Trial 126 finished with value: 0.00037111801793798804 and parameters: {'batch_size': 128, 'num_layers': 2, 'hidden_dim': 128, 'meta_hidden_dim1': 256, 'meta_hidden_dim2': 32, 'lr': 0.0015687177371644396, 'tw': 40}. Best is trial 79 with value: 0.00023235523258335888.
2024-05-05 14:41:20,142 - root - INFO - New best model saved with score: 0.00020511930051725358
2024-05-05 14:41:20,142 - optuna.study.study - INFO - Trial 127 finished with value: 0.00020511930051725358 and parameters: {'batch_size': 64, 'num_layers': 2, 'hidden_dim': 128, 'meta_hidden_dim1': 32, 'meta_hidden_dim2': 64, 'lr': 0.0008042996092164821, 'tw': 40}. Best is trial 127 with value: 0.00020511930051725358.
2024-05-05 14:41:20,480 - optuna.study.study - INFO - Trial 128 finished with value: 0.0003142297500744462 and parameters: {'batch_size': 64, 'num_layers': 2, 'hidden_dim': 128, 'meta_hidden_dim1': 32, 'meta_hidden_dim2': 64, 'lr': 0.0010837510808145215, 'tw': 40}. Best is trial 127 with value: 0.00020511930051725358.
2024-05-05 14:41:20,837 - optuna.study.study - INFO - Trial 129 finished with value: 0.0003498608130030334 and parameters: {'batch_size': 64, 'num_layers': 3, 'hidden_dim': 128, 'meta_hidden_dim1': 32, 'meta_hidden_dim2': 64, 'lr': 0.0008105022159528652, 'tw': 40}. Best is trial 127 with value: 0.00020511930051725358.
2024-05-05 14:41:21,156 - optuna.study.study - INFO - Trial 130 finished with value: 0.00034219748340547085 and parameters: {'batch_size': 64, 'num_layers': 2, 'hidden_dim': 128, 'meta_hidden_dim1': 32, 'meta_hidden_dim2': 32, 'lr': 0.000986589035298575, 'tw': 40}. Best is trial 127 with value: 0.00020511930051725358.
2024-05-05 14:41:21,487 - optuna.study.study - INFO - Trial 131 finished with value: 0.00032182817813009024 and parameters: {'batch_size': 64, 'num_layers': 2, 'hidden_dim': 128, 'meta_hidden_dim1': 32, 'meta_hidden_dim2': 64, 'lr': 0.0005484128755013975, 'tw': 40}. Best is trial 127 with value: 0.00020511930051725358.
2024-05-05 14:41:21,800 - optuna.study.study - INFO - Trial 132 finished with value: 0.0003618074406404048 and parameters: {'batch_size': 64, 'num_layers': 2, 'hidden_dim': 128, 'meta_hidden_dim1': 32, 'meta_hidden_dim2': 64, 'lr': 0.0007491739639565492, 'tw': 40}. Best is trial 127 with value: 0.00020511930051725358.
2024-05-05 14:41:22,136 - optuna.study.study - INFO - Trial 133 finished with value: 0.0003095783176831901 and parameters: {'batch_size': 16, 'num_layers': 2, 'hidden_dim': 128, 'meta_hidden_dim1': 64, 'meta_hidden_dim2': 64, 'lr': 0.0008937068758335079, 'tw': 40}. Best is trial 127 with value: 0.00020511930051725358.
