2024-05-05 14:41:58,528 - optuna.study.study - INFO - Trial 202 finished with value: 0.00037347059696912766 and parameters: {'batch_size': 16, 'num_layers': 3, 'hidden_dim': 128, 'meta_hidden_dim1': 256, 'meta_hidden_dim2': 64, 'lr': 0.00032198385931458853, 'tw': 30}. Best is trial 144 with value: 0.00013447443780023605.
2024-05-05 14:41:59,259 - optuna.study.study - INFO - Trial 203 finished with value: 0.0003190331917721778 and parameters: {'batch_size': 16, 'num_layers': 3, 'hidden_dim': 256, 'meta_hidden_dim1': 256, 'meta_hidden_dim2': 64, 'lr': 0.0004555731939579745, 'tw': 30}. Best is trial 144 with value: 0.00013447443780023605.
2024-05-05 14:41:59,598 - optuna.study.study - INFO - Trial 204 finished with value: 0.0003619004273787141 and parameters: {'batch_size': 16, 'num_layers': 3, 'hidden_dim': 128, 'meta_hidden_dim1': 256, 'meta_hidden_dim2': 64, 'lr': 0.00037786093895268003, 'tw': 30}. Best is trial 144 with value: 0.00013447443780023605.
2024-05-05 14:41:59,965 - optuna.study.study - INFO - Trial 205 finished with value: 0.0002391630259808153 and parameters: {'batch_size': 16, 'num_layers': 3, 'hidden_dim': 64, 'meta_hidden_dim1': 256, 'meta_hidden_dim2': 64, 'lr': 0.0004156617525024826, 'tw': 30}. Best is trial 144 with value: 0.00013447443780023605.
2024-05-05 14:42:00,328 - optuna.study.study - INFO - Trial 206 finished with value: 0.0002659967285580933 and parameters: {'batch_size': 16, 'num_layers': 3, 'hidden_dim': 64, 'meta_hidden_dim1': 256, 'meta_hidden_dim2': 64, 'lr': 0.0004370300717579196, 'tw': 30}. Best is trial 144 with value: 0.00013447443780023605.
2024-05-05 14:42:00,693 - optuna.study.study - INFO - Trial 207 finished with value: 0.0010556239867582917 and parameters: {'batch_size': 16, 'num_layers': 3, 'hidden_dim': 64, 'meta_hidden_dim1': 32, 'meta_hidden_dim2': 64, 'lr': 0.00042230850662796607, 'tw': 30}. Best is trial 144 with value: 0.00013447443780023605.
2024-05-05 14:42:01,060 - optuna.study.study - INFO - Trial 208 finished with value: 0.00028703422867693007 and parameters: {'batch_size': 16, 'num_layers': 3, 'hidden_dim': 64, 'meta_hidden_dim1': 256, 'meta_hidden_dim2': 32, 'lr': 0.0005016022460834265, 'tw': 30}. Best is trial 144 with value: 0.00013447443780023605.
2024-05-05 14:42:01,433 - optuna.study.study - INFO - Trial 209 finished with value: 0.00039046764140948653 and parameters: {'batch_size': 16, 'num_layers': 3, 'hidden_dim': 64, 'meta_hidden_dim1': 32, 'meta_hidden_dim2': 64, 'lr': 0.0002960127427750058, 'tw': 30}. Best is trial 144 with value: 0.00013447443780023605.
2024-05-05 14:42:01,797 - optuna.study.study - INFO - Trial 210 finished with value: 0.0011008349247276783 and parameters: {'batch_size': 16, 'num_layers': 3, 'hidden_dim': 64, 'meta_hidden_dim1': 32, 'meta_hidden_dim2': 64, 'lr': 0.0003461953669910938, 'tw': 30}. Best is trial 144 with value: 0.00013447443780023605.
2024-05-05 14:42:02,566 - optuna.study.study - INFO - Trial 211 finished with value: 0.0003840405843220651 and parameters: {'batch_size': 64, 'num_layers': 3, 'hidden_dim': 256, 'meta_hidden_dim1': 256, 'meta_hidden_dim2': 64, 'lr': 0.0008241033346893797, 'tw': 30}. Best is trial 144 with value: 0.00013447443780023605.
2024-05-05 14:42:02,892 - optuna.study.study - INFO - Trial 212 finished with value: 0.0003262487589381635 and parameters: {'batch_size': 128, 'num_layers': 2, 'hidden_dim': 128, 'meta_hidden_dim1': 256, 'meta_hidden_dim2': 64, 'lr': 0.0004022347020373873, 'tw': 30}. Best is trial 144 with value: 0.00013447443780023605.
2024-05-05 14:42:03,712 - optuna.study.study - INFO - Trial 213 finished with value: 0.00030512153171002865 and parameters: {'batch_size': 64, 'num_layers': 3, 'hidden_dim': 256, 'meta_hidden_dim1': 256, 'meta_hidden_dim2': 64, 'lr': 0.0005751744236896705, 'tw': 40}. Best is trial 144 with value: 0.00013447443780023605.
2024-05-05 14:42:04,042 - optuna.study.study - INFO - Trial 214 finished with value: 0.00033185770735144615 and parameters: {'batch_size': 16, 'num_layers': 2, 'hidden_dim': 64, 'meta_hidden_dim1': 256, 'meta_hidden_dim2': 64, 'lr': 0.0006924443321308454, 'tw': 20}. Best is trial 144 with value: 0.00013447443780023605.
2024-05-05 14:42:04,763 - optuna.study.study - INFO - Trial 215 finished with value: 0.00033892938517965376 and parameters: {'batch_size': 128, 'num_layers': 3, 'hidden_dim': 256, 'meta_hidden_dim1': 256, 'meta_hidden_dim2': 64, 'lr': 0.0008646783929363255, 'tw': 30}. Best is trial 144 with value: 0.00013447443780023605.
2024-05-05 14:42:05,094 - optuna.study.study - INFO - Trial 216 finished with value: 0.0003291165048722178 and parameters: {'batch_size': 64, 'num_layers': 2, 'hidden_dim': 128, 'meta_hidden_dim1': 64, 'meta_hidden_dim2': 64, 'lr': 0.0007444286346466447, 'tw': 40}. Best is trial 144 with value: 0.00013447443780023605.
2024-05-05 14:42:05,813 - optuna.study.study - INFO - Trial 217 finished with value: 0.00027420654078014195 and parameters: {'batch_size': 64, 'num_layers': 3, 'hidden_dim': 256, 'meta_hidden_dim1': 256, 'meta_hidden_dim2': 32, 'lr': 0.0009176048552479714, 'tw': 30}. Best is trial 144 with value: 0.00013447443780023605.
2024-05-05 14:42:06,843 - optuna.study.study - INFO - Trial 218 finished with value: 0.0003513248811941594 and parameters: {'batch_size': 128, 'num_layers': 4, 'hidden_dim': 256, 'meta_hidden_dim1': 32, 'meta_hidden_dim2': 64, 'lr': 0.000650613866414634, 'tw': 40}. Best is trial 144 with value: 0.00013447443780023605.
2024-05-05 14:42:07,165 - optuna.study.study - INFO - Trial 219 finished with value: 0.0003296917420811951 and parameters: {'batch_size': 16, 'num_layers': 2, 'hidden_dim': 64, 'meta_hidden_dim1': 256, 'meta_hidden_dim2': 256, 'lr': 0.0002675303848874961, 'tw': 30}. Best is trial 144 with value: 0.00013447443780023605.
2024-05-05 14:42:07,477 - optuna.study.study - INFO - Trial 220 finished with value: 0.0011750143021345139 and parameters: {'batch_size': 64, 'num_layers': 2, 'hidden_dim': 128, 'meta_hidden_dim1': 32, 'meta_hidden_dim2': 64, 'lr': 0.0003727754027623331, 'tw': 20}. Best is trial 144 with value: 0.00013447443780023605.
2024-05-05 14:42:07,821 - optuna.study.study - INFO - Trial 221 finished with value: 0.00035889222635887563 and parameters: {'batch_size': 16, 'num_layers': 3, 'hidden_dim': 128, 'meta_hidden_dim1': 256, 'meta_hidden_dim2': 64, 'lr': 0.0002427467805637903, 'tw': 30}. Best is trial 144 with value: 0.00013447443780023605.
2024-05-05 14:42:08,185 - optuna.study.study - INFO - Trial 222 finished with value: 0.0004055878089275211 and parameters: {'batch_size': 16, 'num_layers': 3, 'hidden_dim': 128, 'meta_hidden_dim1': 256, 'meta_hidden_dim2': 64, 'lr': 0.00020075153310316715, 'tw': 30}. Best is trial 144 with value: 0.00013447443780023605.
2024-05-05 14:42:08,537 - optuna.study.study - INFO - Trial 223 finished with value: 0.00028575400938279927 and parameters: {'batch_size': 16, 'num_layers': 3, 'hidden_dim': 128, 'meta_hidden_dim1': 256, 'meta_hidden_dim2': 64, 'lr': 0.00022892018208737637, 'tw': 30}. Best is trial 144 with value: 0.00013447443780023605.
2024-05-05 14:42:08,886 - optuna.study.study - INFO - Trial 224 finished with value: 0.00031827299972064793 and parameters: {'batch_size': 16, 'num_layers': 3, 'hidden_dim': 128, 'meta_hidden_dim1': 256, 'meta_hidden_dim2': 64, 'lr': 0.00015475077295412862, 'tw': 30}. Best is trial 144 with value: 0.00013447443780023605.
2024-05-05 14:42:09,622 - optuna.study.study - INFO - Trial 225 finished with value: 0.00038185849552974105 and parameters: {'batch_size': 16, 'num_layers': 3, 'hidden_dim': 256, 'meta_hidden_dim1': 256, 'meta_hidden_dim2': 64, 'lr': 0.0003092021039360852, 'tw': 30}. Best is trial 144 with value: 0.00013447443780023605.
2024-05-05 14:42:09,948 - optuna.study.study - INFO - Trial 226 finished with value: 0.004669993184506893 and parameters: {'batch_size': 128, 'num_layers': 2, 'hidden_dim': 128, 'meta_hidden_dim1': 64, 'meta_hidden_dim2': 64, 'lr': 0.00013101382327714874, 'tw': 40}. Best is trial 144 with value: 0.00013447443780023605.
2024-05-05 14:42:10,675 - optuna.study.study - INFO - Trial 227 finished with value: 0.0024710046127438545 and parameters: {'batch_size': 64, 'num_layers': 3, 'hidden_dim': 256, 'meta_hidden_dim1': 32, 'meta_hidden_dim2': 32, 'lr': 0.0005386543311731179, 'tw': 30}. Best is trial 144 with value: 0.00013447443780023605.
2024-05-05 14:42:10,988 - optuna.study.study - INFO - Trial 228 finished with value: 0.0003585773229133338 and parameters: {'batch_size': 16, 'num_layers': 2, 'hidden_dim': 32, 'meta_hidden_dim1': 256, 'meta_hidden_dim2': 64, 'lr': 0.0012275428481973002, 'tw': 40}. Best is trial 144 with value: 0.00013447443780023605.
2024-05-05 14:42:11,709 - optuna.study.study - INFO - Trial 229 finished with value: 0.0002605389745440334 and parameters: {'batch_size': 128, 'num_layers': 3, 'hidden_dim': 256, 'meta_hidden_dim1': 32, 'meta_hidden_dim2': 64, 'lr': 0.0007819550149117813, 'tw': 30}. Best is trial 144 with value: 0.00013447443780023605.
2024-05-05 14:42:12,280 - optuna.study.study - INFO - Trial 230 finished with value: 0.0002895418438129127 and parameters: {'batch_size': 128, 'num_layers': 2, 'hidden_dim': 256, 'meta_hidden_dim1': 32, 'meta_hidden_dim2': 64, 'lr': 0.0007929002455757184, 'tw': 30}. Best is trial 144 with value: 0.00013447443780023605.
2024-05-05 14:42:13,001 - optuna.study.study - INFO - Trial 231 finished with value: 0.0003170067793689668 and parameters: {'batch_size': 128, 'num_layers': 3, 'hidden_dim': 256, 'meta_hidden_dim1': 32, 'meta_hidden_dim2': 64, 'lr': 0.0006944161570974467, 'tw': 30}. Best is trial 144 with value: 0.00013447443780023605.
2024-05-05 14:42:13,727 - optuna.study.study - INFO - Trial 232 finished with value: 0.0002595687401480973 and parameters: {'batch_size': 128, 'num_layers': 3, 'hidden_dim': 256, 'meta_hidden_dim1': 32, 'meta_hidden_dim2': 64, 'lr': 0.000998451178449308, 'tw': 30}. Best is trial 144 with value: 0.00013447443780023605.
2024-05-05 14:42:14,455 - optuna.study.study - INFO - Trial 233 finished with value: 0.0003036287962459028 and parameters: {'batch_size': 128, 'num_layers': 3, 'hidden_dim': 256, 'meta_hidden_dim1': 32, 'meta_hidden_dim2': 64, 'lr': 0.0010068251189204861, 'tw': 30}. Best is trial 144 with value: 0.00013447443780023605.
2024-05-05 14:42:15,175 - optuna.study.study - INFO - Trial 234 finished with value: 0.0002962617145385593 and parameters: {'batch_size': 128, 'num_layers': 3, 'hidden_dim': 256, 'meta_hidden_dim1': 32, 'meta_hidden_dim2': 64, 'lr': 0.0008949289375186487, 'tw': 30}. Best is trial 144 with value: 0.00013447443780023605.
2024-05-05 14:42:15,902 - optuna.study.study - INFO - Trial 235 finished with value: 0.00031462826882489026 and parameters: {'batch_size': 128, 'num_layers': 3, 'hidden_dim': 256, 'meta_hidden_dim1': 32, 'meta_hidden_dim2': 64, 'lr': 0.0008237795267651798, 'tw': 30}. Best is trial 144 with value: 0.00013447443780023605.
2024-05-05 14:42:16,628 - optuna.study.study - INFO - Trial 236 finished with value: 0.000347075576428324 and parameters: {'batch_size': 128, 'num_layers': 4, 'hidden_dim': 256, 'meta_hidden_dim1': 32, 'meta_hidden_dim2': 64, 'lr': 0.0009860112106035972, 'tw': 20}. Best is trial 144 with value: 0.00013447443780023605.
2024-05-05 14:42:17,448 - optuna.study.study - INFO - Trial 237 finished with value: 0.0005259111057966948 and parameters: {'batch_size': 128, 'num_layers': 3, 'hidden_dim': 256, 'meta_hidden_dim1': 32, 'meta_hidden_dim2': 32, 'lr': 0.0010838481151465833, 'tw': 40}. Best is trial 144 with value: 0.00013447443780023605.
2024-05-05 14:42:18,009 - optuna.study.study - INFO - Trial 238 finished with value: 0.0003069430822506547 and parameters: {'batch_size': 128, 'num_layers': 2, 'hidden_dim': 256, 'meta_hidden_dim1': 32, 'meta_hidden_dim2': 64, 'lr': 0.0007573986439866455, 'tw': 30}. Best is trial 144 with value: 0.00013447443780023605.
2024-05-05 14:42:18,839 - optuna.study.study - INFO - Trial 239 finished with value: 0.0002501387207303196 and parameters: {'batch_size': 128, 'num_layers': 3, 'hidden_dim': 256, 'meta_hidden_dim1': 32, 'meta_hidden_dim2': 64, 'lr': 0.0006136354490068567, 'tw': 40}. Best is trial 144 with value: 0.00013447443780023605.
2024-05-05 14:42:19,571 - optuna.study.study - INFO - Trial 240 finished with value: 0.0002857609943021089 and parameters: {'batch_size': 128, 'num_layers': 3, 'hidden_dim': 256, 'meta_hidden_dim1': 32, 'meta_hidden_dim2': 128, 'lr': 0.008105635637007617, 'tw': 30}. Best is trial 144 with value: 0.00013447443780023605.
2024-05-05 14:42:20,397 - optuna.study.study - INFO - Trial 241 finished with value: 0.00029166945023462176 and parameters: {'batch_size': 128, 'num_layers': 3, 'hidden_dim': 256, 'meta_hidden_dim1': 32, 'meta_hidden_dim2': 64, 'lr': 0.0006054354021295833, 'tw': 40}. Best is trial 144 with value: 0.00013447443780023605.
2024-05-05 14:42:21,214 - optuna.study.study - INFO - Trial 242 finished with value: 0.00023704972409177572 and parameters: {'batch_size': 128, 'num_layers': 3, 'hidden_dim': 256, 'meta_hidden_dim1': 32, 'meta_hidden_dim2': 64, 'lr': 0.0006416465224319552, 'tw': 40}. Best is trial 144 with value: 0.00013447443780023605.
2024-05-05 14:42:22,064 - optuna.study.study - INFO - Trial 243 finished with value: 0.0003825345484074205 and parameters: {'batch_size': 128, 'num_layers': 3, 'hidden_dim': 256, 'meta_hidden_dim1': 32, 'meta_hidden_dim2': 64, 'lr': 0.0006247161289626074, 'tw': 40}. Best is trial 144 with value: 0.00013447443780023605.
2024-05-05 14:42:22,890 - optuna.study.study - INFO - Trial 244 finished with value: 0.00028905432554893196 and parameters: {'batch_size': 128, 'num_layers': 3, 'hidden_dim': 256, 'meta_hidden_dim1': 32, 'meta_hidden_dim2': 64, 'lr': 0.0006797881682743543, 'tw': 40}. Best is trial 144 with value: 0.00013447443780023605.
2024-05-05 14:42:23,713 - optuna.study.study - INFO - Trial 245 finished with value: 0.0003762610431294888 and parameters: {'batch_size': 128, 'num_layers': 3, 'hidden_dim': 256, 'meta_hidden_dim1': 32, 'meta_hidden_dim2': 64, 'lr': 0.0006308708372404141, 'tw': 40}. Best is trial 144 with value: 0.00013447443780023605.
2024-05-05 14:42:24,536 - optuna.study.study - INFO - Trial 246 finished with value: 0.00031464052153751254 and parameters: {'batch_size': 64, 'num_layers': 3, 'hidden_dim': 256, 'meta_hidden_dim1': 32, 'meta_hidden_dim2': 64, 'lr': 0.0019296791394166092, 'tw': 40}. Best is trial 144 with value: 0.00013447443780023605.
2024-05-05 14:42:24,923 - optuna.study.study - INFO - Trial 247 finished with value: 0.0003298378724139184 and parameters: {'batch_size': 128, 'num_layers': 4, 'hidden_dim': 64, 'meta_hidden_dim1': 32, 'meta_hidden_dim2': 64, 'lr': 0.0005356568717293396, 'tw': 30}. Best is trial 144 with value: 0.00013447443780023605.
2024-05-05 14:42:25,759 - optuna.study.study - INFO - Trial 248 finished with value: 0.00021320565429050475 and parameters: {'batch_size': 64, 'num_layers': 3, 'hidden_dim': 256, 'meta_hidden_dim1': 32, 'meta_hidden_dim2': 64, 'lr': 0.0007126004049304272, 'tw': 40}. Best is trial 144 with value: 0.00013447443780023605.
2024-05-05 14:42:26,367 - optuna.study.study - INFO - Trial 249 finished with value: 0.0003431087243370712 and parameters: {'batch_size': 64, 'num_layers': 3, 'hidden_dim': 256, 'meta_hidden_dim1': 32, 'meta_hidden_dim2': 32, 'lr': 0.000715223107357252, 'tw': 20}. Best is trial 144 with value: 0.00013447443780023605.
2024-05-05 14:42:27,202 - optuna.study.study - INFO - Trial 250 finished with value: 0.00031310669146478176 and parameters: {'batch_size': 64, 'num_layers': 3, 'hidden_dim': 256, 'meta_hidden_dim1': 32, 'meta_hidden_dim2': 64, 'lr': 0.0005812550903310417, 'tw': 40}. Best is trial 144 with value: 0.00013447443780023605.
2024-05-05 14:42:27,924 - optuna.study.study - INFO - Trial 251 finished with value: 0.0004669067566283047 and parameters: {'batch_size': 64, 'num_layers': 3, 'hidden_dim': 256, 'meta_hidden_dim1': 32, 'meta_hidden_dim2': 64, 'lr': 0.0006673164049768947, 'tw': 30}. Best is trial 144 with value: 0.00013447443780023605.
2024-05-05 14:42:28,640 - optuna.study.study - INFO - Trial 252 finished with value: 0.0002629245864227414 and parameters: {'batch_size': 64, 'num_layers': 3, 'hidden_dim': 256, 'meta_hidden_dim1': 32, 'meta_hidden_dim2': 64, 'lr': 0.0007443849952830019, 'tw': 30}. Best is trial 144 with value: 0.00013447443780023605.
2024-05-05 14:42:29,478 - optuna.study.study - INFO - Trial 253 finished with value: 0.00042306864634156227 and parameters: {'batch_size': 64, 'num_layers': 3, 'hidden_dim': 256, 'meta_hidden_dim1': 32, 'meta_hidden_dim2': 64, 'lr': 0.00047227533533677856, 'tw': 40}. Best is trial 144 with value: 0.00013447443780023605.
2024-05-05 14:42:30,204 - optuna.study.study - INFO - Trial 254 finished with value: 0.0008846274577081203 and parameters: {'batch_size': 64, 'num_layers': 3, 'hidden_dim': 256, 'meta_hidden_dim1': 64, 'meta_hidden_dim2': 32, 'lr': 0.0005775229571440326, 'tw': 30}. Best is trial 144 with value: 0.00013447443780023605.
2024-05-05 14:42:30,532 - optuna.study.study - INFO - Trial 255 finished with value: 0.00034773629158735275 and parameters: {'batch_size': 32, 'num_layers': 3, 'hidden_dim': 64, 'meta_hidden_dim1': 32, 'meta_hidden_dim2': 64, 'lr': 0.0008086101454369741, 'tw': 20}. Best is trial 144 with value: 0.00013447443780023605.
2024-05-05 14:42:31,363 - optuna.study.study - INFO - Trial 256 finished with value: 0.0004040451312903315 and parameters: {'batch_size': 64, 'num_layers': 3, 'hidden_dim': 256, 'meta_hidden_dim1': 32, 'meta_hidden_dim2': 256, 'lr': 0.0006461344705085628, 'tw': 40}. Best is trial 144 with value: 0.00013447443780023605.
2024-05-05 14:42:32,081 - optuna.study.study - INFO - Trial 257 finished with value: 0.0003118419845122844 and parameters: {'batch_size': 64, 'num_layers': 3, 'hidden_dim': 256, 'meta_hidden_dim1': 32, 'meta_hidden_dim2': 64, 'lr': 0.0006998442203486488, 'tw': 30}. Best is trial 144 with value: 0.00013447443780023605.
2024-05-05 14:42:32,921 - optuna.study.study - INFO - Trial 258 finished with value: 0.00039401842514052987 and parameters: {'batch_size': 64, 'num_layers': 3, 'hidden_dim': 256, 'meta_hidden_dim1': 64, 'meta_hidden_dim2': 64, 'lr': 0.00040233553397695687, 'tw': 40}. Best is trial 144 with value: 0.00013447443780023605.
2024-05-05 14:42:33,648 - optuna.study.study - INFO - Trial 259 finished with value: 0.0003191016148775816 and parameters: {'batch_size': 64, 'num_layers': 3, 'hidden_dim': 256, 'meta_hidden_dim1': 128, 'meta_hidden_dim2': 64, 'lr': 0.0007672304074136817, 'tw': 30}. Best is trial 144 with value: 0.00013447443780023605.
2024-05-05 14:42:33,998 - optuna.study.study - INFO - Trial 260 finished with value: 0.00022455723956227303 and parameters: {'batch_size': 64, 'num_layers': 3, 'hidden_dim': 64, 'meta_hidden_dim1': 32, 'meta_hidden_dim2': 32, 'lr': 0.001580132069580074, 'tw': 30}. Best is trial 144 with value: 0.00013447443780023605.
2024-05-05 14:42:34,338 - optuna.study.study - INFO - Trial 261 finished with value: 0.0003670012520160526 and parameters: {'batch_size': 64, 'num_layers': 3, 'hidden_dim': 64, 'meta_hidden_dim1': 32, 'meta_hidden_dim2': 32, 'lr': 0.0015442140229018635, 'tw': 40}. Best is trial 144 with value: 0.00013447443780023605.
2024-05-05 14:42:34,687 - optuna.study.study - INFO - Trial 262 finished with value: 0.0003438762214500457 and parameters: {'batch_size': 64, 'num_layers': 3, 'hidden_dim': 64, 'meta_hidden_dim1': 64, 'meta_hidden_dim2': 32, 'lr': 0.001684164494827102, 'tw': 20}. Best is trial 144 with value: 0.00013447443780023605.
2024-05-05 14:42:35,028 - optuna.study.study - INFO - Trial 263 finished with value: 0.0003957677981816232 and parameters: {'batch_size': 64, 'num_layers': 3, 'hidden_dim': 64, 'meta_hidden_dim1': 32, 'meta_hidden_dim2': 32, 'lr': 0.0005097273265610025, 'tw': 30}. Best is trial 144 with value: 0.00013447443780023605.
2024-05-05 14:42:35,375 - optuna.study.study - INFO - Trial 264 finished with value: 0.0002483828575350344 and parameters: {'batch_size': 64, 'num_layers': 3, 'hidden_dim': 64, 'meta_hidden_dim1': 32, 'meta_hidden_dim2': 32, 'lr': 0.001461114202892623, 'tw': 40}. Best is trial 144 with value: 0.00013447443780023605.
2024-05-05 14:42:35,738 - optuna.study.study - INFO - Trial 265 finished with value: 0.000541024433914572 and parameters: {'batch_size': 64, 'num_layers': 3, 'hidden_dim': 64, 'meta_hidden_dim1': 32, 'meta_hidden_dim2': 32, 'lr': 0.0015226850012953657, 'tw': 40}. Best is trial 144 with value: 0.00013447443780023605.
2024-05-05 14:42:36,131 - optuna.study.study - INFO - Trial 266 finished with value: 0.00029873294988647103 and parameters: {'batch_size': 64, 'num_layers': 4, 'hidden_dim': 64, 'meta_hidden_dim1': 64, 'meta_hidden_dim2': 32, 'lr': 0.0018195855025479716, 'tw': 40}. Best is trial 144 with value: 0.00013447443780023605.
2024-05-05 14:42:36,487 - optuna.study.study - INFO - Trial 267 finished with value: 0.00037721157423220575 and parameters: {'batch_size': 64, 'num_layers': 3, 'hidden_dim': 64, 'meta_hidden_dim1': 32, 'meta_hidden_dim2': 32, 'lr': 0.0014005791795305804, 'tw': 40}. Best is trial 144 with value: 0.00013447443780023605.
2024-05-05 14:42:36,846 - optuna.study.study - INFO - Trial 268 finished with value: 0.0003313505440019071 and parameters: {'batch_size': 64, 'num_layers': 3, 'hidden_dim': 64, 'meta_hidden_dim1': 32, 'meta_hidden_dim2': 32, 'lr': 0.002382814734830727, 'tw': 40}. Best is trial 144 with value: 0.00013447443780023605.
2024-05-05 14:42:37,206 - optuna.study.study - INFO - Trial 269 finished with value: 0.0005637358990497887 and parameters: {'batch_size': 64, 'num_layers': 3, 'hidden_dim': 64, 'meta_hidden_dim1': 32, 'meta_hidden_dim2': 32, 'lr': 0.0015533660228688353, 'tw': 40}. Best is trial 144 with value: 0.00013447443780023605.
