2024-05-05 14:44:12,464 - optuna.study.study - INFO - Trial 474 finished with value: 0.0003696937928907573 and parameters: {'batch_size': 64, 'num_layers': 2, 'hidden_dim': 64, 'meta_hidden_dim1': 32, 'meta_hidden_dim2': 128, 'lr': 0.0015236717851651242, 'tw': 30}. Best is trial 379 with value: 0.00013259296247269958.
2024-05-05 14:44:12,791 - optuna.study.study - INFO - Trial 475 finished with value: 0.0002834616752807051 and parameters: {'batch_size': 64, 'num_layers': 2, 'hidden_dim': 64, 'meta_hidden_dim1': 32, 'meta_hidden_dim2': 64, 'lr': 0.0016107580392745427, 'tw': 30}. Best is trial 379 with value: 0.00013259296247269958.
2024-05-05 14:44:13,118 - optuna.study.study - INFO - Trial 476 finished with value: 0.00031405029585585 and parameters: {'batch_size': 64, 'num_layers': 2, 'hidden_dim': 64, 'meta_hidden_dim1': 32, 'meta_hidden_dim2': 32, 'lr': 0.0016802281221005204, 'tw': 30}. Best is trial 379 with value: 0.00013259296247269958.
2024-05-05 14:44:13,442 - optuna.study.study - INFO - Trial 477 finished with value: 0.0002626007772050798 and parameters: {'batch_size': 64, 'num_layers': 2, 'hidden_dim': 64, 'meta_hidden_dim1': 32, 'meta_hidden_dim2': 64, 'lr': 0.0014007078918720033, 'tw': 30}. Best is trial 379 with value: 0.00013259296247269958.
2024-05-05 14:44:13,786 - optuna.study.study - INFO - Trial 478 finished with value: 0.0003802694263868034 and parameters: {'batch_size': 64, 'num_layers': 2, 'hidden_dim': 64, 'meta_hidden_dim1': 32, 'meta_hidden_dim2': 64, 'lr': 0.0019613346449173044, 'tw': 30}. Best is trial 379 with value: 0.00013259296247269958.
2024-05-05 14:44:14,104 - optuna.study.study - INFO - Trial 479 finished with value: 0.005230195354670286 and parameters: {'batch_size': 64, 'num_layers': 2, 'hidden_dim': 64, 'meta_hidden_dim1': 32, 'meta_hidden_dim2': 32, 'lr': 0.00020524447796137929, 'tw': 30}. Best is trial 379 with value: 0.00013259296247269958.
2024-05-05 14:44:14,453 - optuna.study.study - INFO - Trial 480 finished with value: 0.00037041123141534626 and parameters: {'batch_size': 64, 'num_layers': 2, 'hidden_dim': 64, 'meta_hidden_dim1': 32, 'meta_hidden_dim2': 64, 'lr': 0.0015613772410146322, 'tw': 30}. Best is trial 379 with value: 0.00013259296247269958.
2024-05-05 14:44:14,793 - optuna.study.study - INFO - Trial 481 finished with value: 0.00046017541899345815 and parameters: {'batch_size': 64, 'num_layers': 2, 'hidden_dim': 32, 'meta_hidden_dim1': 32, 'meta_hidden_dim2': 64, 'lr': 0.0011564088941829313, 'tw': 40}. Best is trial 379 with value: 0.00013259296247269958.
2024-05-05 14:44:15,156 - optuna.study.study - INFO - Trial 482 finished with value: 0.00032626415486447513 and parameters: {'batch_size': 64, 'num_layers': 2, 'hidden_dim': 128, 'meta_hidden_dim1': 64, 'meta_hidden_dim2': 32, 'lr': 0.0013935219391264548, 'tw': 30}. Best is trial 379 with value: 0.00013259296247269958.
2024-05-05 14:44:15,498 - optuna.study.study - INFO - Trial 483 finished with value: 0.00030000245897099376 and parameters: {'batch_size': 16, 'num_layers': 2, 'hidden_dim': 64, 'meta_hidden_dim1': 32, 'meta_hidden_dim2': 64, 'lr': 0.0010410943840146222, 'tw': 40}. Best is trial 379 with value: 0.00013259296247269958.
2024-05-05 14:44:15,851 - optuna.study.study - INFO - Trial 484 finished with value: 0.00030627872911281884 and parameters: {'batch_size': 64, 'num_layers': 3, 'hidden_dim': 32, 'meta_hidden_dim1': 32, 'meta_hidden_dim2': 256, 'lr': 0.001735155242167135, 'tw': 30}. Best is trial 379 with value: 0.00013259296247269958.
2024-05-05 14:44:16,195 - optuna.study.study - INFO - Trial 485 finished with value: 0.00031298253452405334 and parameters: {'batch_size': 32, 'num_layers': 2, 'hidden_dim': 128, 'meta_hidden_dim1': 32, 'meta_hidden_dim2': 64, 'lr': 0.003242525465773923, 'tw': 30}. Best is trial 379 with value: 0.00013259296247269958.
2024-05-05 14:44:16,616 - optuna.study.study - INFO - Trial 486 finished with value: 0.0007731938967481256 and parameters: {'batch_size': 64, 'num_layers': 3, 'hidden_dim': 64, 'meta_hidden_dim1': 32, 'meta_hidden_dim2': 32, 'lr': 0.0005190666640047902, 'tw': 40}. Best is trial 379 with value: 0.00013259296247269958.
2024-05-05 14:44:16,963 - optuna.study.study - INFO - Trial 487 finished with value: 0.00039776749326847494 and parameters: {'batch_size': 64, 'num_layers': 2, 'hidden_dim': 32, 'meta_hidden_dim1': 64, 'meta_hidden_dim2': 64, 'lr': 0.00046598790870475116, 'tw': 30}. Best is trial 379 with value: 0.00013259296247269958.
2024-05-05 14:44:17,340 - optuna.study.study - INFO - Trial 488 finished with value: 0.0003375605447217822 and parameters: {'batch_size': 16, 'num_layers': 3, 'hidden_dim': 128, 'meta_hidden_dim1': 32, 'meta_hidden_dim2': 128, 'lr': 0.001257846217947532, 'tw': 40}. Best is trial 379 with value: 0.00013259296247269958.
2024-05-05 14:44:17,665 - optuna.study.study - INFO - Trial 489 finished with value: 0.0003736364596989006 and parameters: {'batch_size': 64, 'num_layers': 2, 'hidden_dim': 64, 'meta_hidden_dim1': 32, 'meta_hidden_dim2': 64, 'lr': 0.0005749476482256885, 'tw': 30}. Best is trial 379 with value: 0.00013259296247269958.
2024-05-05 14:44:18,553 - optuna.study.study - INFO - Trial 490 finished with value: 0.0003601436037570238 and parameters: {'batch_size': 64, 'num_layers': 3, 'hidden_dim': 256, 'meta_hidden_dim1': 32, 'meta_hidden_dim2': 32, 'lr': 0.0015144974705166194, 'tw': 40}. Best is trial 379 with value: 0.00013259296247269958.
2024-05-05 14:44:18,885 - optuna.study.study - INFO - Trial 491 finished with value: 0.00026974413776770234 and parameters: {'batch_size': 64, 'num_layers': 2, 'hidden_dim': 32, 'meta_hidden_dim1': 32, 'meta_hidden_dim2': 64, 'lr': 0.000683021513125424, 'tw': 30}. Best is trial 379 with value: 0.00013259296247269958.
2024-05-05 14:44:19,615 - optuna.study.study - INFO - Trial 492 finished with value: 0.0003561333869583905 and parameters: {'batch_size': 64, 'num_layers': 3, 'hidden_dim': 256, 'meta_hidden_dim1': 64, 'meta_hidden_dim2': 64, 'lr': 0.0008543414380377348, 'tw': 30}. Best is trial 379 with value: 0.00013259296247269958.
2024-05-05 14:44:19,986 - optuna.study.study - INFO - Trial 493 finished with value: 0.00030626828083768487 and parameters: {'batch_size': 16, 'num_layers': 3, 'hidden_dim': 128, 'meta_hidden_dim1': 32, 'meta_hidden_dim2': 32, 'lr': 0.0009772297508905958, 'tw': 40}. Best is trial 379 with value: 0.00013259296247269958.
2024-05-05 14:44:20,302 - optuna.study.study - INFO - Trial 494 finished with value: 0.00036014948273077607 and parameters: {'batch_size': 64, 'num_layers': 2, 'hidden_dim': 64, 'meta_hidden_dim1': 128, 'meta_hidden_dim2': 64, 'lr': 0.0006264753588597667, 'tw': 30}. Best is trial 379 with value: 0.00013259296247269958.
2024-05-05 14:44:20,959 - optuna.study.study - INFO - Trial 495 finished with value: 0.0002762997173704207 and parameters: {'batch_size': 64, 'num_layers': 2, 'hidden_dim': 256, 'meta_hidden_dim1': 32, 'meta_hidden_dim2': 64, 'lr': 0.0011050344611216862, 'tw': 40}. Best is trial 379 with value: 0.00013259296247269958.
2024-05-05 14:44:21,306 - optuna.study.study - INFO - Trial 496 finished with value: 0.00031509555992670357 and parameters: {'batch_size': 64, 'num_layers': 3, 'hidden_dim': 32, 'meta_hidden_dim1': 32, 'meta_hidden_dim2': 32, 'lr': 0.0005652405163249014, 'tw': 30}. Best is trial 379 with value: 0.00013259296247269958.
2024-05-05 14:44:21,959 - optuna.study.study - INFO - Trial 497 finished with value: 0.0002533396182116121 and parameters: {'batch_size': 16, 'num_layers': 2, 'hidden_dim': 256, 'meta_hidden_dim1': 32, 'meta_hidden_dim2': 64, 'lr': 0.001324304520414723, 'tw': 40}. Best is trial 379 with value: 0.00013259296247269958.
2024-05-05 14:44:22,319 - optuna.study.study - INFO - Trial 498 finished with value: 0.0005042287521064281 and parameters: {'batch_size': 64, 'num_layers': 3, 'hidden_dim': 64, 'meta_hidden_dim1': 64, 'meta_hidden_dim2': 32, 'lr': 0.0007918894920377543, 'tw': 30}. Best is trial 379 with value: 0.00013259296247269958.
2024-05-05 14:44:22,652 - optuna.study.study - INFO - Trial 499 finished with value: 0.0003809762420132756 and parameters: {'batch_size': 64, 'num_layers': 2, 'hidden_dim': 128, 'meta_hidden_dim1': 32, 'meta_hidden_dim2': 64, 'lr': 0.0007174428904486046, 'tw': 30}. Best is trial 379 with value: 0.00013259296247269958.
2024-05-05 14:44:22,703 - root - INFO - Number of finished trials: 500
2024-05-05 14:44:22,703 - root - INFO - Best trial:
2024-05-05 14:44:22,704 - root - INFO - Value: 0.00013259296247269958
2024-05-05 14:44:22,704 - root - INFO - Params:
2024-05-05 14:44:22,704 - root - INFO -     batch_size: 16
2024-05-05 14:44:22,704 - root - INFO -     num_layers: 3
2024-05-05 14:44:22,704 - root - INFO -     hidden_dim: 256
2024-05-05 14:44:22,704 - root - INFO -     meta_hidden_dim1: 32
2024-05-05 14:44:22,704 - root - INFO -     meta_hidden_dim2: 32
2024-05-05 14:44:22,706 - root - INFO -     lr: 0.0005767310603627514
2024-05-05 14:44:22,706 - root - INFO -     tw: 20
2024-05-05 14:44:22,748 - root - INFO - actual_close_prices: [3113.07441055 3102.36499425 3037.34913236 3144.57895756 3145.23201625]
2024-05-05 14:44:22,752 - root - INFO - Process finished.
