2024-05-05 14:41:22,468 - optuna.study.study - INFO - Trial 134 finished with value: 0.0003631053841672838 and parameters: {'batch_size': 128, 'num_layers': 2, 'hidden_dim': 128, 'meta_hidden_dim1': 256, 'meta_hidden_dim2': 64, 'lr': 0.001961618068944263, 'tw': 40}. Best is trial 127 with value: 0.00020511930051725358.
2024-05-05 14:41:22,853 - optuna.study.study - INFO - Trial 135 finished with value: 0.0003015620750375092 and parameters: {'batch_size': 32, 'num_layers': 4, 'hidden_dim': 64, 'meta_hidden_dim1': 128, 'meta_hidden_dim2': 128, 'lr': 0.0006283468027604278, 'tw': 40}. Best is trial 127 with value: 0.00020511930051725358.
2024-05-05 14:41:23,178 - optuna.study.study - INFO - Trial 136 finished with value: 0.0003621585783548653 and parameters: {'batch_size': 64, 'num_layers': 2, 'hidden_dim': 128, 'meta_hidden_dim1': 32, 'meta_hidden_dim2': 64, 'lr': 0.00544307398037889, 'tw': 30}. Best is trial 127 with value: 0.00020511930051725358.
2024-05-05 14:41:23,502 - optuna.study.study - INFO - Trial 137 finished with value: 0.00041682570008561015 and parameters: {'batch_size': 128, 'num_layers': 2, 'hidden_dim': 64, 'meta_hidden_dim1': 256, 'meta_hidden_dim2': 32, 'lr': 0.0006954974527393976, 'tw': 40}. Best is trial 127 with value: 0.00020511930051725358.
2024-05-05 14:41:23,855 - optuna.study.study - INFO - Trial 138 finished with value: 0.0002637665020301938 and parameters: {'batch_size': 16, 'num_layers': 3, 'hidden_dim': 128, 'meta_hidden_dim1': 256, 'meta_hidden_dim2': 64, 'lr': 0.00022807887668596882, 'tw': 30}. Best is trial 127 with value: 0.00020511930051725358.
2024-05-05 14:41:24,208 - optuna.study.study - INFO - Trial 139 finished with value: 0.002823689952492714 and parameters: {'batch_size': 16, 'num_layers': 3, 'hidden_dim': 128, 'meta_hidden_dim1': 64, 'meta_hidden_dim2': 64, 'lr': 0.00014369680925478158, 'tw': 30}. Best is trial 127 with value: 0.00020511930051725358.
2024-05-05 14:41:24,548 - optuna.study.study - INFO - Trial 140 finished with value: 0.0004846244992222637 and parameters: {'batch_size': 16, 'num_layers': 3, 'hidden_dim': 64, 'meta_hidden_dim1': 32, 'meta_hidden_dim2': 64, 'lr': 0.00022797212633549882, 'tw': 30}. Best is trial 127 with value: 0.00020511930051725358.
2024-05-05 14:41:24,899 - optuna.study.study - INFO - Trial 141 finished with value: 0.0003553174319677055 and parameters: {'batch_size': 16, 'num_layers': 3, 'hidden_dim': 128, 'meta_hidden_dim1': 256, 'meta_hidden_dim2': 64, 'lr': 0.00020601466651867694, 'tw': 30}. Best is trial 127 with value: 0.00020511930051725358.
2024-05-05 14:41:25,242 - optuna.study.study - INFO - Trial 142 finished with value: 0.00028811872471123934 and parameters: {'batch_size': 16, 'num_layers': 3, 'hidden_dim': 128, 'meta_hidden_dim1': 256, 'meta_hidden_dim2': 64, 'lr': 0.0007954071975660822, 'tw': 30}. Best is trial 127 with value: 0.00020511930051725358.
2024-05-05 14:41:25,584 - optuna.study.study - INFO - Trial 143 finished with value: 0.00031251716427505016 and parameters: {'batch_size': 16, 'num_layers': 3, 'hidden_dim': 128, 'meta_hidden_dim1': 256, 'meta_hidden_dim2': 64, 'lr': 0.00027843884027068744, 'tw': 30}. Best is trial 127 with value: 0.00020511930051725358.
2024-05-05 14:41:25,907 - root - INFO - New best model saved with score: 0.00013447443780023605
2024-05-05 14:41:25,908 - optuna.study.study - INFO - Trial 144 finished with value: 0.00013447443780023605 and parameters: {'batch_size': 128, 'num_layers': 2, 'hidden_dim': 128, 'meta_hidden_dim1': 256, 'meta_hidden_dim2': 64, 'lr': 0.00017029697251126462, 'tw': 40}. Best is trial 144 with value: 0.00013447443780023605.
2024-05-05 14:41:26,269 - optuna.study.study - INFO - Trial 145 finished with value: 0.0003661574446596205 and parameters: {'batch_size': 64, 'num_layers': 3, 'hidden_dim': 128, 'meta_hidden_dim1': 256, 'meta_hidden_dim2': 64, 'lr': 0.00014497358638756503, 'tw': 40}. Best is trial 144 with value: 0.00013447443780023605.
2024-05-05 14:41:27,284 - optuna.study.study - INFO - Trial 146 finished with value: 0.0013878138270229101 and parameters: {'batch_size': 128, 'num_layers': 4, 'hidden_dim': 256, 'meta_hidden_dim1': 256, 'meta_hidden_dim2': 32, 'lr': 0.0001068510317362438, 'tw': 40}. Best is trial 144 with value: 0.00013447443780023605.
2024-05-05 14:41:27,935 - optuna.study.study - INFO - Trial 147 finished with value: 0.0005655346903949976 and parameters: {'batch_size': 128, 'num_layers': 2, 'hidden_dim': 256, 'meta_hidden_dim1': 256, 'meta_hidden_dim2': 64, 'lr': 0.00016686746458746205, 'tw': 40}. Best is trial 144 with value: 0.00013447443780023605.
2024-05-05 14:41:28,286 - optuna.study.study - INFO - Trial 148 finished with value: 0.002496201079338789 and parameters: {'batch_size': 64, 'num_layers': 3, 'hidden_dim': 64, 'meta_hidden_dim1': 32, 'meta_hidden_dim2': 64, 'lr': 0.00024787842329292327, 'tw': 40}. Best is trial 144 with value: 0.00013447443780023605.
2024-05-05 14:41:28,606 - optuna.study.study - INFO - Trial 149 finished with value: 0.00033708434784784913 and parameters: {'batch_size': 16, 'num_layers': 2, 'hidden_dim': 128, 'meta_hidden_dim1': 256, 'meta_hidden_dim2': 256, 'lr': 0.00016316664829705692, 'tw': 40}. Best is trial 144 with value: 0.00013447443780023605.
2024-05-05 14:41:28,997 - optuna.study.study - INFO - Trial 150 finished with value: 0.00043505034409463406 and parameters: {'batch_size': 128, 'num_layers': 4, 'hidden_dim': 32, 'meta_hidden_dim1': 64, 'meta_hidden_dim2': 32, 'lr': 0.0002080275722528847, 'tw': 30}. Best is trial 144 with value: 0.00013447443780023605.
2024-05-05 14:41:29,336 - optuna.study.study - INFO - Trial 151 finished with value: 0.0003071358078159392 and parameters: {'batch_size': 128, 'num_layers': 2, 'hidden_dim': 128, 'meta_hidden_dim1': 256, 'meta_hidden_dim2': 64, 'lr': 0.0011932615614343512, 'tw': 40}. Best is trial 144 with value: 0.00013447443780023605.
2024-05-05 14:41:29,667 - optuna.study.study - INFO - Trial 152 finished with value: 0.0003079134039580822 and parameters: {'batch_size': 128, 'num_layers': 2, 'hidden_dim': 128, 'meta_hidden_dim1': 256, 'meta_hidden_dim2': 64, 'lr': 0.0008894082919810192, 'tw': 40}. Best is trial 144 with value: 0.00013447443780023605.
2024-05-05 14:41:29,982 - optuna.study.study - INFO - Trial 153 finished with value: 0.0003195296158082783 and parameters: {'batch_size': 128, 'num_layers': 2, 'hidden_dim': 128, 'meta_hidden_dim1': 256, 'meta_hidden_dim2': 64, 'lr': 0.0006734088800369244, 'tw': 30}. Best is trial 144 with value: 0.00013447443780023605.
2024-05-05 14:41:30,637 - optuna.study.study - INFO - Trial 154 finished with value: 0.00039838673546910286 and parameters: {'batch_size': 128, 'num_layers': 2, 'hidden_dim': 256, 'meta_hidden_dim1': 256, 'meta_hidden_dim2': 64, 'lr': 0.0010330702050172647, 'tw': 40}. Best is trial 144 with value: 0.00013447443780023605.
2024-05-05 14:41:30,967 - optuna.study.study - INFO - Trial 155 finished with value: 0.0003262859827373177 and parameters: {'batch_size': 128, 'num_layers': 2, 'hidden_dim': 128, 'meta_hidden_dim1': 256, 'meta_hidden_dim2': 64, 'lr': 0.00018536819227408561, 'tw': 40}. Best is trial 144 with value: 0.00013447443780023605.
2024-05-05 14:41:31,534 - optuna.study.study - INFO - Trial 156 finished with value: 0.0001498833589721471 and parameters: {'batch_size': 64, 'num_layers': 2, 'hidden_dim': 256, 'meta_hidden_dim1': 32, 'meta_hidden_dim2': 64, 'lr': 0.0006079685210615166, 'tw': 30}. Best is trial 144 with value: 0.00013447443780023605.
2024-05-05 14:41:32,412 - optuna.study.study - INFO - Trial 157 finished with value: 0.0003126403607893735 and parameters: {'batch_size': 64, 'num_layers': 4, 'hidden_dim': 256, 'meta_hidden_dim1': 32, 'meta_hidden_dim2': 64, 'lr': 0.0013719425532211854, 'tw': 30}. Best is trial 144 with value: 0.00013447443780023605.
2024-05-05 14:41:32,975 - optuna.study.study - INFO - Trial 158 finished with value: 0.0002669899840839207 and parameters: {'batch_size': 64, 'num_layers': 2, 'hidden_dim': 256, 'meta_hidden_dim1': 32, 'meta_hidden_dim2': 32, 'lr': 0.0008285582505381215, 'tw': 30}. Best is trial 144 with value: 0.00013447443780023605.
2024-05-05 14:41:33,526 - optuna.study.study - INFO - Trial 159 finished with value: 0.0005333979497663677 and parameters: {'batch_size': 64, 'num_layers': 2, 'hidden_dim': 256, 'meta_hidden_dim1': 32, 'meta_hidden_dim2': 64, 'lr': 0.0007531528698534126, 'tw': 30}. Best is trial 144 with value: 0.00013447443780023605.
2024-05-05 14:41:34,090 - optuna.study.study - INFO - Trial 160 finished with value: 0.00030226469971239567 and parameters: {'batch_size': 64, 'num_layers': 2, 'hidden_dim': 256, 'meta_hidden_dim1': 32, 'meta_hidden_dim2': 128, 'lr': 0.0006209773623976914, 'tw': 30}. Best is trial 144 with value: 0.00013447443780023605.
2024-05-05 14:41:34,659 - optuna.study.study - INFO - Trial 161 finished with value: 0.00022689427714794874 and parameters: {'batch_size': 64, 'num_layers': 2, 'hidden_dim': 256, 'meta_hidden_dim1': 32, 'meta_hidden_dim2': 64, 'lr': 0.0005654484650328387, 'tw': 30}. Best is trial 144 with value: 0.00013447443780023605.
2024-05-05 14:41:35,224 - optuna.study.study - INFO - Trial 162 finished with value: 0.0003335828660055995 and parameters: {'batch_size': 64, 'num_layers': 2, 'hidden_dim': 256, 'meta_hidden_dim1': 32, 'meta_hidden_dim2': 64, 'lr': 0.0004999157158269488, 'tw': 30}. Best is trial 144 with value: 0.00013447443780023605.
2024-05-05 14:41:35,791 - optuna.study.study - INFO - Trial 163 finished with value: 0.00034224733826704323 and parameters: {'batch_size': 64, 'num_layers': 2, 'hidden_dim': 256, 'meta_hidden_dim1': 32, 'meta_hidden_dim2': 64, 'lr': 0.0005551068072645968, 'tw': 30}. Best is trial 144 with value: 0.00013447443780023605.
2024-05-05 14:41:36,353 - optuna.study.study - INFO - Trial 164 finished with value: 0.00037135431193746626 and parameters: {'batch_size': 64, 'num_layers': 2, 'hidden_dim': 256, 'meta_hidden_dim1': 32, 'meta_hidden_dim2': 64, 'lr': 0.0007090194022117677, 'tw': 30}. Best is trial 144 with value: 0.00013447443780023605.
2024-05-05 14:41:36,918 - optuna.study.study - INFO - Trial 165 finished with value: 0.0004138477670494467 and parameters: {'batch_size': 64, 'num_layers': 2, 'hidden_dim': 256, 'meta_hidden_dim1': 32, 'meta_hidden_dim2': 64, 'lr': 0.0006093826085083484, 'tw': 30}. Best is trial 144 with value: 0.00013447443780023605.
2024-05-05 14:41:37,478 - optuna.study.study - INFO - Trial 166 finished with value: 0.00023242233146447688 and parameters: {'batch_size': 64, 'num_layers': 2, 'hidden_dim': 256, 'meta_hidden_dim1': 32, 'meta_hidden_dim2': 64, 'lr': 0.0008906433606698952, 'tw': 30}. Best is trial 144 with value: 0.00013447443780023605.
2024-05-05 14:41:38,115 - optuna.study.study - INFO - Trial 167 finished with value: 0.0007064759847708046 and parameters: {'batch_size': 64, 'num_layers': 2, 'hidden_dim': 256, 'meta_hidden_dim1': 32, 'meta_hidden_dim2': 32, 'lr': 0.0009491985939568532, 'tw': 40}. Best is trial 144 with value: 0.00013447443780023605.
2024-05-05 14:41:38,662 - optuna.study.study - INFO - Trial 168 finished with value: 0.00030363581026904285 and parameters: {'batch_size': 64, 'num_layers': 2, 'hidden_dim': 256, 'meta_hidden_dim1': 32, 'meta_hidden_dim2': 64, 'lr': 0.0011364893247696184, 'tw': 30}. Best is trial 144 with value: 0.00013447443780023605.
2024-05-05 14:41:39,311 - optuna.study.study - INFO - Trial 169 finished with value: 0.00029836728936061263 and parameters: {'batch_size': 64, 'num_layers': 2, 'hidden_dim': 256, 'meta_hidden_dim1': 32, 'meta_hidden_dim2': 64, 'lr': 0.0008604391259869812, 'tw': 40}. Best is trial 144 with value: 0.00013447443780023605.
2024-05-05 14:41:39,946 - optuna.study.study - INFO - Trial 170 finished with value: 0.00040990562411025167 and parameters: {'batch_size': 64, 'num_layers': 2, 'hidden_dim': 256, 'meta_hidden_dim1': 32, 'meta_hidden_dim2': 32, 'lr': 0.0007937094425137723, 'tw': 40}. Best is trial 144 with value: 0.00013447443780023605.
2024-05-05 14:41:40,669 - optuna.study.study - INFO - Trial 171 finished with value: 0.0003135971783194691 and parameters: {'batch_size': 64, 'num_layers': 3, 'hidden_dim': 256, 'meta_hidden_dim1': 32, 'meta_hidden_dim2': 64, 'lr': 0.0006972801531761378, 'tw': 30}. Best is trial 144 with value: 0.00013447443780023605.
2024-05-05 14:41:40,999 - optuna.study.study - INFO - Trial 172 finished with value: 0.00037344315205700696 and parameters: {'batch_size': 64, 'num_layers': 2, 'hidden_dim': 64, 'meta_hidden_dim1': 128, 'meta_hidden_dim2': 64, 'lr': 0.0009675215616296338, 'tw': 30}. Best is trial 144 with value: 0.00013447443780023605.
2024-05-05 14:41:41,735 - optuna.study.study - INFO - Trial 173 finished with value: 0.0003222223022021353 and parameters: {'batch_size': 32, 'num_layers': 3, 'hidden_dim': 256, 'meta_hidden_dim1': 32, 'meta_hidden_dim2': 64, 'lr': 0.0007837927943028406, 'tw': 30}. Best is trial 144 with value: 0.00013447443780023605.
2024-05-05 14:41:42,284 - optuna.study.study - INFO - Trial 174 finished with value: 0.0002477686502970755 and parameters: {'batch_size': 16, 'num_layers': 2, 'hidden_dim': 256, 'meta_hidden_dim1': 64, 'meta_hidden_dim2': 64, 'lr': 0.0003956969802109275, 'tw': 30}. Best is trial 144 with value: 0.00013447443780023605.
2024-05-05 14:41:42,851 - optuna.study.study - INFO - Trial 175 finished with value: 0.0013970199506729841 and parameters: {'batch_size': 64, 'num_layers': 2, 'hidden_dim': 256, 'meta_hidden_dim1': 64, 'meta_hidden_dim2': 64, 'lr': 0.00034753087639197177, 'tw': 30}. Best is trial 144 with value: 0.00013447443780023605.
2024-05-05 14:41:43,423 - optuna.study.study - INFO - Trial 176 finished with value: 0.00028158328495919704 and parameters: {'batch_size': 16, 'num_layers': 2, 'hidden_dim': 256, 'meta_hidden_dim1': 64, 'meta_hidden_dim2': 64, 'lr': 0.0014909987950034074, 'tw': 30}. Best is trial 144 with value: 0.00013447443780023605.
2024-05-05 14:41:44,059 - optuna.study.study - INFO - Trial 177 finished with value: 0.0004593633930198848 and parameters: {'batch_size': 64, 'num_layers': 2, 'hidden_dim': 256, 'meta_hidden_dim1': 64, 'meta_hidden_dim2': 64, 'lr': 0.00039019846140189116, 'tw': 40}. Best is trial 144 with value: 0.00013447443780023605.
2024-05-05 14:41:44,616 - optuna.study.study - INFO - Trial 178 finished with value: 0.0003268191940151155 and parameters: {'batch_size': 64, 'num_layers': 2, 'hidden_dim': 256, 'meta_hidden_dim1': 64, 'meta_hidden_dim2': 256, 'lr': 0.0012885899995271428, 'tw': 30}. Best is trial 144 with value: 0.00013447443780023605.
2024-05-05 14:41:45,273 - optuna.study.study - INFO - Trial 179 finished with value: 0.0003444761096034199 and parameters: {'batch_size': 128, 'num_layers': 2, 'hidden_dim': 256, 'meta_hidden_dim1': 64, 'meta_hidden_dim2': 64, 'lr': 0.0004399764950781716, 'tw': 40}. Best is trial 144 with value: 0.00013447443780023605.
2024-05-05 14:41:45,584 - optuna.study.study - INFO - Trial 180 finished with value: 0.0016912032151594758 and parameters: {'batch_size': 16, 'num_layers': 2, 'hidden_dim': 64, 'meta_hidden_dim1': 32, 'meta_hidden_dim2': 32, 'lr': 0.0005078864028533575, 'tw': 30}. Best is trial 144 with value: 0.00013447443780023605.
2024-05-05 14:41:46,313 - optuna.study.study - INFO - Trial 181 finished with value: 0.0002367691631661728 and parameters: {'batch_size': 16, 'num_layers': 3, 'hidden_dim': 256, 'meta_hidden_dim1': 32, 'meta_hidden_dim2': 64, 'lr': 0.0005727992706788615, 'tw': 30}. Best is trial 144 with value: 0.00013447443780023605.
2024-05-05 14:41:46,873 - optuna.study.study - INFO - Trial 182 finished with value: 0.0003052898682653904 and parameters: {'batch_size': 16, 'num_layers': 2, 'hidden_dim': 256, 'meta_hidden_dim1': 32, 'meta_hidden_dim2': 64, 'lr': 0.000598489521258267, 'tw': 30}. Best is trial 144 with value: 0.00013447443780023605.
2024-05-05 14:41:47,436 - optuna.study.study - INFO - Trial 183 finished with value: 0.00042032572673633695 and parameters: {'batch_size': 16, 'num_layers': 2, 'hidden_dim': 256, 'meta_hidden_dim1': 32, 'meta_hidden_dim2': 64, 'lr': 0.0006397805530398734, 'tw': 30}. Best is trial 144 with value: 0.00013447443780023605.
2024-05-05 14:41:47,994 - optuna.study.study - INFO - Trial 184 finished with value: 0.0003172453143633902 and parameters: {'batch_size': 16, 'num_layers': 2, 'hidden_dim': 256, 'meta_hidden_dim1': 32, 'meta_hidden_dim2': 64, 'lr': 0.0017217092087816876, 'tw': 30}. Best is trial 144 with value: 0.00013447443780023605.
2024-05-05 14:41:48,716 - optuna.study.study - INFO - Trial 185 finished with value: 0.00032085063867270947 and parameters: {'batch_size': 16, 'num_layers': 3, 'hidden_dim': 256, 'meta_hidden_dim1': 32, 'meta_hidden_dim2': 64, 'lr': 0.0007295699126580161, 'tw': 30}. Best is trial 144 with value: 0.00013447443780023605.
2024-05-05 14:41:49,352 - optuna.study.study - INFO - Trial 186 finished with value: 0.00031931151170283556 and parameters: {'batch_size': 128, 'num_layers': 2, 'hidden_dim': 256, 'meta_hidden_dim1': 32, 'meta_hidden_dim2': 64, 'lr': 0.0005501911036105146, 'tw': 40}. Best is trial 144 with value: 0.00013447443780023605.
2024-05-05 14:41:50,067 - optuna.study.study - INFO - Trial 187 finished with value: 0.0001779976737452671 and parameters: {'batch_size': 64, 'num_layers': 3, 'hidden_dim': 256, 'meta_hidden_dim1': 64, 'meta_hidden_dim2': 64, 'lr': 0.0008789128549771504, 'tw': 30}. Best is trial 144 with value: 0.00013447443780023605.
2024-05-05 14:41:50,799 - optuna.study.study - INFO - Trial 188 finished with value: 0.00032715738052502275 and parameters: {'batch_size': 64, 'num_layers': 3, 'hidden_dim': 256, 'meta_hidden_dim1': 64, 'meta_hidden_dim2': 64, 'lr': 0.0008868589575426175, 'tw': 30}. Best is trial 144 with value: 0.00013447443780023605.
2024-05-05 14:41:51,147 - optuna.study.study - INFO - Trial 189 finished with value: 0.00029481330420821905 and parameters: {'batch_size': 64, 'num_layers': 3, 'hidden_dim': 64, 'meta_hidden_dim1': 64, 'meta_hidden_dim2': 32, 'lr': 0.0010394492931063482, 'tw': 30}. Best is trial 144 with value: 0.00013447443780023605.
2024-05-05 14:41:51,870 - optuna.study.study - INFO - Trial 190 finished with value: 0.00029562105191871524 and parameters: {'batch_size': 64, 'num_layers': 3, 'hidden_dim': 256, 'meta_hidden_dim1': 64, 'meta_hidden_dim2': 64, 'lr': 0.0006654179616506038, 'tw': 30}. Best is trial 144 with value: 0.00013447443780023605.
2024-05-05 14:41:52,608 - optuna.study.study - INFO - Trial 191 finished with value: 0.00041138799861073494 and parameters: {'batch_size': 64, 'num_layers': 3, 'hidden_dim': 256, 'meta_hidden_dim1': 64, 'meta_hidden_dim2': 64, 'lr': 0.0008160800888651812, 'tw': 30}. Best is trial 144 with value: 0.00013447443780023605.
2024-05-05 14:41:53,340 - optuna.study.study - INFO - Trial 192 finished with value: 0.00031870868406258523 and parameters: {'batch_size': 64, 'num_layers': 3, 'hidden_dim': 256, 'meta_hidden_dim1': 64, 'meta_hidden_dim2': 64, 'lr': 0.0009479557000783408, 'tw': 30}. Best is trial 144 with value: 0.00013447443780023605.
2024-05-05 14:41:54,165 - optuna.study.study - INFO - Trial 193 finished with value: 0.0003159422776661813 and parameters: {'batch_size': 128, 'num_layers': 3, 'hidden_dim': 256, 'meta_hidden_dim1': 32, 'meta_hidden_dim2': 64, 'lr': 0.0007348188796991096, 'tw': 40}. Best is trial 144 with value: 0.00013447443780023605.
2024-05-05 14:41:54,653 - optuna.study.study - INFO - Trial 194 finished with value: 0.00037234314368106425 and parameters: {'batch_size': 16, 'num_layers': 2, 'hidden_dim': 256, 'meta_hidden_dim1': 32, 'meta_hidden_dim2': 64, 'lr': 0.0008762679814484557, 'tw': 20}. Best is trial 144 with value: 0.00013447443780023605.
2024-05-05 14:41:55,001 - optuna.study.study - INFO - Trial 195 finished with value: 0.00029220376745797694 and parameters: {'batch_size': 64, 'num_layers': 3, 'hidden_dim': 32, 'meta_hidden_dim1': 64, 'meta_hidden_dim2': 64, 'lr': 0.0011139881384034038, 'tw': 30}. Best is trial 144 with value: 0.00013447443780023605.
2024-05-05 14:41:55,631 - optuna.study.study - INFO - Trial 196 finished with value: 0.00033686659298837185 and parameters: {'batch_size': 128, 'num_layers': 2, 'hidden_dim': 256, 'meta_hidden_dim1': 32, 'meta_hidden_dim2': 64, 'lr': 0.0005853420064053928, 'tw': 40}. Best is trial 144 with value: 0.00013447443780023605.
2024-05-05 14:41:56,193 - optuna.study.study - INFO - Trial 197 finished with value: 0.0029078752268105745 and parameters: {'batch_size': 64, 'num_layers': 2, 'hidden_dim': 256, 'meta_hidden_dim1': 32, 'meta_hidden_dim2': 32, 'lr': 0.0004920594619431861, 'tw': 30}. Best is trial 144 with value: 0.00013447443780023605.
2024-05-05 14:41:56,574 - optuna.study.study - INFO - Trial 198 finished with value: 0.00030172528931871057 and parameters: {'batch_size': 128, 'num_layers': 4, 'hidden_dim': 64, 'meta_hidden_dim1': 128, 'meta_hidden_dim2': 64, 'lr': 0.0007572754683627603, 'tw': 40}. Best is trial 144 with value: 0.00013447443780023605.
2024-05-05 14:41:57,179 - optuna.study.study - INFO - Trial 199 finished with value: 0.00031076587038114667 and parameters: {'batch_size': 32, 'num_layers': 3, 'hidden_dim': 256, 'meta_hidden_dim1': 64, 'meta_hidden_dim2': 64, 'lr': 0.000654179722127334, 'tw': 20}. Best is trial 144 with value: 0.00013447443780023605.
2024-05-05 14:41:57,828 - optuna.study.study - INFO - Trial 200 finished with value: 0.0003332560299895704 and parameters: {'batch_size': 16, 'num_layers': 2, 'hidden_dim': 256, 'meta_hidden_dim1': 256, 'meta_hidden_dim2': 128, 'lr': 0.001013421135859392, 'tw': 40}. Best is trial 144 with value: 0.00013447443780023605.
2024-05-05 14:41:58,183 - optuna.study.study - INFO - Trial 201 finished with value: 0.00025050120893865824 and parameters: {'batch_size': 16, 'num_layers': 3, 'hidden_dim': 128, 'meta_hidden_dim1': 256, 'meta_hidden_dim2': 64, 'lr': 0.0003149584774219773, 'tw': 30}. Best is trial 144 with value: 0.00013447443780023605.
